<?xml version="1.0" encoding="UTF-8"?>
<!-- Generated by org.testng.reporters.JUnitXMLReporter -->
<testsuite hostname="DESKTOP-19HQ6GP" ignored="0" name="MultipleRegistration" tests="2" failures="0" timestamp="20 Sep 2019 08:50:18 GMT" time="52.286" errors="0">
  <testcase name="Register" time="0.343" classname="com.annotations.NewTours_Registration"/>
  <testcase name="UserRegistration" time="26.957" classname="com.annotations.NewTours_Registration"/>
</testsuite> <!-- MultipleRegistration -->
