<?xml version="1.0" encoding="UTF-8"?>
<!-- Generated by org.testng.reporters.JUnitXMLReporter -->
<testsuite hostname="DESKTOP-19HQ6GP" ignored="0" name="NewtoursApplication" tests="3" failures="0" timestamp="20 Sep 2019 16:34:33 GMT" time="111.705" errors="0">
  <testcase name="LogIn" time="32.083" classname="com.annotations.NewTours_LogIn"/>
  <testcase name="Register" time="1.965" classname="com.annotations.NewTours_Registration"/>
  <testcase name="UserRegistration" time="13.055" classname="com.annotations.NewTours_Registration"/>
</testsuite> <!-- NewtoursApplication -->
